<?xml version="1.0" encoding="UTF-8"?>
<!-- Generated by org.testng.reporters.JUnitReportReporter -->
<testsuite skipped="0" hostname="MBP-Kristina" name="DeparturePreferences" tests="1" failures="0" timestamp="2023-04-13T16:51:45 EEST" time="56.852" errors="0">
  <testcase name="continueAsAGuestFlow" time="56.852" classname="DeparturePreferences"/>
  <system-out/>
</testsuite> <!-- DeparturePreferences -->
